src/ddori_tts/app/build/outputs/logs/manifest-merger-debug-report.txt
-- Merging decision tree log ---
manifest
ADDED from ddori_tts\app\AndroidManifest.xml:2:1-25:12
	xmlns:android
		ADDED from ddori_tts\app\AndroidManifest.xml:2:11-69
	package
		ADDED from ddori_tts\app\AndroidManifest.xml:3:11-54
		INJECTED from ddori_tts\app\AndroidManifest.xml
		INJECTED from ddori_tts\app\AndroidManifest.xml
	android:versionName
		ADDED from ddori_tts\app\AndroidManifest.xml:5:11-38
	android:versionCode
		ADDED from ddori_tts\app\AndroidManifest.xml:4:11-34
		INJECTED from ddori_tts\app\AndroidManifest.xml
		INJECTED from ddori_tts\app\AndroidManifest.xml
uses-sdk
ADDED from ddori_tts\app\AndroidManifest.xml:6:5-73
MERGED from [ddori_tts:daum-speech-openapi-3.0:unspecified] AndroidManifest.xml:7:5-9:41
	android:targetSdkVersion
		ADDED from ddori_tts\app\AndroidManifest.xml:6:41-70
	android:minSdkVersion
		ADDED from ddori_tts\app\AndroidManifest.xml:6:15-40
uses-permission#android.permission.INTERNET
ADDED from ddori_tts\app\AndroidManifest.xml:8:5-67
	android:name
		ADDED from ddori_tts\app\AndroidManifest.xml:8:22-64
uses-permission#android.permission.RECORD_AUDIO
ADDED from ddori_tts\app\AndroidManifest.xml:9:5-71
	android:name
		ADDED from ddori_tts\app\AndroidManifest.xml:9:22-68
uses-permission#android.permission.ACCESS_NETWORK_STATE
ADDED from ddori_tts\app\AndroidManifest.xml:10:5-79
	android:name
		ADDED from ddori_tts\app\AndroidManifest.xml:10:22-76
uses-permission#android.permission.WRITE_EXTERNAL_STORAGE
ADDED from ddori_tts\app\AndroidManifest.xml:11:5-81
	android:name
		ADDED from ddori_tts\app\AndroidManifest.xml:11:22-78
application
ADDED from ddori_tts\app\AndroidManifest.xml:15:5-24:19
	android:label
		ADDED from ddori_tts\app\AndroidManifest.xml:15:18-50
	android:allowBackup
		ADDED from ddori_tts\app\AndroidManifest.xml:15:85-112
	android:icon
		ADDED from ddori_tts\app\AndroidManifest.xml:15:51-84
service#net.daum.speech.api.openapisample.TextToSpeechActivity
ADDED from ddori_tts\app\AndroidManifest.xml:17:9-21:19
	android:name
		ADDED from ddori_tts\app\AndroidManifest.xml:17:18-87
intent-filter#com.ddori.TTS.service.ITtsService
ADDED from ddori_tts\app\AndroidManifest.xml:18:13-20:29
action#com.ddori.TTS.service.ITtsService
ADDED from ddori_tts\app\AndroidManifest.xml:19:17-76
	android:name
		ADDED from ddori_tts\app\AndroidManifest.xml:19:25-73